android/app/build/intermediates/manifest_merge_blame_file/release/processReleaseMainManifest/manifest-merger-blame-release-report.txt
1<?xml version="1.0" encoding="utf-8"?>
2<manifest xmlns:android="http://schemas.android.com/apk/res/android"
3    package="com.fitloot"
4    android:versionCode="1"
5    android:versionName="1.0" >
6
7    <uses-sdk
8        android:minSdkVersion="26"
9        android:targetSdkVersion="34" />
10
11    <uses-permission android:name="android.permission.INTERNET" />
11-->src\main\AndroidManifest.xml:4:5-67
11-->src\main\AndroidManifest.xml:4:22-64
12    <uses-permission android:name="android.permission.CAMERA" />
12-->src\main\AndroidManifest.xml:5:5-65
12-->src\main\AndroidManifest.xml:5:22-62
13    <uses-permission android:name="android.permission.ACTIVITY_RECOGNITION" />
13-->src\main\AndroidManifest.xml:6:5-79
13-->src\main\AndroidManifest.xml:6:22-76
14    <uses-permission android:name="android.permission.BODY_SENSORS" />
14-->src\main\AndroidManifest.xml:7:5-71
14-->src\main\AndroidManifest.xml:7:22-68
15
16    <!-- Health Connect Permissions -->
17    <uses-permission android:name="android.permission.health.READ_STEPS" />
17-->src\main\AndroidManifest.xml:10:5-76
17-->src\main\AndroidManifest.xml:10:22-73
18    <uses-permission android:name="android.permission.health.READ_DISTANCE" />
18-->src\main\AndroidManifest.xml:11:5-79
18-->src\main\AndroidManifest.xml:11:22-76
19    <uses-permission android:name="android.permission.health.READ_ACTIVE_CALORIES_BURNED" />
19-->src\main\AndroidManifest.xml:12:5-93
19-->src\main\AndroidManifest.xml:12:22-90
20    <uses-permission android:name="android.permission.health.READ_TOTAL_CALORIES_BURNED" />
20-->src\main\AndroidManifest.xml:13:5-92
20-->src\main\AndroidManifest.xml:13:22-89
21
22    <permission
22-->[androidx.core:core:1.12.0] AndroidManifest.xml:22:5-24:47
23        android:name="com.fitloot.DYNAMIC_RECEIVER_NOT_EXPORTED_PERMISSION"
23-->[androidx.core:core:1.12.0] AndroidManifest.xml:23:9-81
24        android:protectionLevel="signature" />
24-->[androidx.core:core:1.12.0] AndroidManifest.xml:24:9-44
25
26    <uses-permission android:name="com.fitloot.DYNAMIC_RECEIVER_NOT_EXPORTED_PERMISSION" />
26-->[androidx.core:core:1.12.0] AndroidManifest.xml:26:5-97
26-->[androidx.core:core:1.12.0] AndroidManifest.xml:26:22-94
27
28    <application
28-->src\main\AndroidManifest.xml:15:5-37:19
29        android:allowBackup="true"
29-->src\main\AndroidManifest.xml:16:9-35
30        android:appComponentFactory="androidx.core.app.CoreComponentFactory"
30-->[androidx.core:core:1.12.0] AndroidManifest.xml:28:18-86
31        android:extractNativeLibs="false"
32        android:icon="@mipmap/fitloot"
32-->src\main\AndroidManifest.xml:17:9-39
33        android:label="@string/app_name"
33-->src\main\AndroidManifest.xml:18:9-41
34        android:roundIcon="@mipmap/fitloot_round"
34-->src\main\AndroidManifest.xml:19:9-50
35        android:supportsRtl="true"
35-->src\main\AndroidManifest.xml:20:9-35
36        android:testOnly="true"
37        android:theme="@style/Theme.FitLoot"
37-->src\main\AndroidManifest.xml:21:9-45
38        android:usesCleartextTraffic="true" >
38-->src\main\AndroidManifest.xml:22:9-44
39        <activity
39-->src\main\AndroidManifest.xml:23:9-31:20
40            android:name="com.fitloot.MainActivity"
40-->src\main\AndroidManifest.xml:24:13-41
41            android:exported="true"
41-->src\main\AndroidManifest.xml:25:13-36
42            android:theme="@style/Theme.FitLoot.NoActionBar" >
42-->src\main\AndroidManifest.xml:26:13-61
43            <intent-filter>
43-->src\main\AndroidManifest.xml:27:13-30:29
44                <action android:name="android.intent.action.MAIN" />
44-->src\main\AndroidManifest.xml:28:17-69
44-->src\main\AndroidManifest.xml:28:25-66
45
46                <category android:name="android.intent.category.LAUNCHER" />
46-->src\main\AndroidManifest.xml:29:17-77
46-->src\main\AndroidManifest.xml:29:27-74
47            </intent-filter>
48        </activity>
49        <activity
49-->src\main\AndroidManifest.xml:33:9-35:40
50            android:name="com.fitloot.CameraActivity"
50-->src\main\AndroidManifest.xml:34:13-43
51            android:exported="false" />
51-->src\main\AndroidManifest.xml:35:13-37
52
53        <service
53-->[androidx.health.connect:connect-client:1.1.0-alpha07] AndroidManifest.xml:24:9-32:19
54            android:name="androidx.health.platform.client.impl.sdkservice.HealthDataSdkService"
54-->[androidx.health.connect:connect-client:1.1.0-alpha07] AndroidManifest.xml:25:13-96
55            android:enabled="true"
55-->[androidx.health.connect:connect-client:1.1.0-alpha07] AndroidManifest.xml:26:13-35
56            android:exported="true" >
56-->[androidx.health.connect:connect-client:1.1.0-alpha07] AndroidManifest.xml:27:13-36
57            <intent-filter>
57-->[androidx.health.connect:connect-client:1.1.0-alpha07] AndroidManifest.xml:29:13-31:29
58                <action android:name="androidx.health.platform.client.ACTION_BIND_SDK_SERVICE" />
58-->[androidx.health.connect:connect-client:1.1.0-alpha07] AndroidManifest.xml:30:17-98
58-->[androidx.health.connect:connect-client:1.1.0-alpha07] AndroidManifest.xml:30:25-95
59            </intent-filter>
60        </service>
61        <service
61-->[androidx.camera:camera-camera2:1.3.0] AndroidManifest.xml:24:9-33:19
62            android:name="androidx.camera.core.impl.MetadataHolderService"
62-->[androidx.camera:camera-camera2:1.3.0] AndroidManifest.xml:25:13-75
63            android:enabled="false"
63-->[androidx.camera:camera-camera2:1.3.0] AndroidManifest.xml:26:13-36
64            android:exported="false" >
64-->[androidx.camera:camera-camera2:1.3.0] AndroidManifest.xml:27:13-37
65            <meta-data
65-->[androidx.camera:camera-camera2:1.3.0] AndroidManifest.xml:30:13-32:89
66                android:name="androidx.camera.core.impl.MetadataHolderService.DEFAULT_CONFIG_PROVIDER"
66-->[androidx.camera:camera-camera2:1.3.0] AndroidManifest.xml:31:17-103
67                android:value="androidx.camera.camera2.Camera2Config$DefaultProvider" />
67-->[androidx.camera:camera-camera2:1.3.0] AndroidManifest.xml:32:17-86
68        </service>
69
70        <provider
70-->[androidx.emoji2:emoji2:1.2.0] AndroidManifest.xml:24:9-32:20
71            android:name="androidx.startup.InitializationProvider"
71-->[androidx.emoji2:emoji2:1.2.0] AndroidManifest.xml:25:13-67
72            android:authorities="com.fitloot.androidx-startup"
72-->[androidx.emoji2:emoji2:1.2.0] AndroidManifest.xml:26:13-68
73            android:exported="false" >
73-->[androidx.emoji2:emoji2:1.2.0] AndroidManifest.xml:27:13-37
74            <meta-data
74-->[androidx.emoji2:emoji2:1.2.0] AndroidManifest.xml:29:13-31:52
75                android:name="androidx.emoji2.text.EmojiCompatInitializer"
75-->[androidx.emoji2:emoji2:1.2.0] AndroidManifest.xml:30:17-75
76                android:value="androidx.startup" />
76-->[androidx.emoji2:emoji2:1.2.0] AndroidManifest.xml:31:17-49
77            <meta-data
77-->[androidx.lifecycle:lifecycle-process:2.6.1] AndroidManifest.xml:29:13-31:52
78                android:name="androidx.lifecycle.ProcessLifecycleInitializer"
78-->[androidx.lifecycle:lifecycle-process:2.6.1] AndroidManifest.xml:30:17-78
79                android:value="androidx.startup" />
79-->[androidx.lifecycle:lifecycle-process:2.6.1] AndroidManifest.xml:31:17-49
80            <meta-data
80-->[androidx.profileinstaller:profileinstaller:1.3.0] AndroidManifest.xml:29:13-31:52
81                android:name="androidx.profileinstaller.ProfileInstallerInitializer"
81-->[androidx.profileinstaller:profileinstaller:1.3.0] AndroidManifest.xml:30:17-85
82                android:value="androidx.startup" />
82-->[androidx.profileinstaller:profileinstaller:1.3.0] AndroidManifest.xml:31:17-49
83        </provider>
84
85        <receiver
85-->[androidx.profileinstaller:profileinstaller:1.3.0] AndroidManifest.xml:34:9-52:20
86            android:name="androidx.profileinstaller.ProfileInstallReceiver"
86-->[androidx.profileinstaller:profileinstaller:1.3.0] AndroidManifest.xml:35:13-76
87            android:directBootAware="false"
87-->[androidx.profileinstaller:profileinstaller:1.3.0] AndroidManifest.xml:36:13-44
88            android:enabled="true"
88-->[androidx.profileinstaller:profileinstaller:1.3.0] AndroidManifest.xml:37:13-35
89            android:exported="true"
89-->[androidx.profileinstaller:profileinstaller:1.3.0] AndroidManifest.xml:38:13-36
90            android:permission="android.permission.DUMP" >
90-->[androidx.profileinstaller:profileinstaller:1.3.0] AndroidManifest.xml:39:13-57
91            <intent-filter>
91-->[androidx.profileinstaller:profileinstaller:1.3.0] AndroidManifest.xml:40:13-42:29
92                <action android:name="androidx.profileinstaller.action.INSTALL_PROFILE" />
92-->[androidx.profileinstaller:profileinstaller:1.3.0] AndroidManifest.xml:41:17-91
92-->[androidx.profileinstaller:profileinstaller:1.3.0] AndroidManifest.xml:41:25-88
93            </intent-filter>
94            <intent-filter>
94-->[androidx.profileinstaller:profileinstaller:1.3.0] AndroidManifest.xml:43:13-45:29
95                <action android:name="androidx.profileinstaller.action.SKIP_FILE" />
95-->[androidx.profileinstaller:profileinstaller:1.3.0] AndroidManifest.xml:44:17-85
95-->[androidx.profileinstaller:profileinstaller:1.3.0] AndroidManifest.xml:44:25-82
96            </intent-filter>
97            <intent-filter>
97-->[androidx.profileinstaller:profileinstaller:1.3.0] AndroidManifest.xml:46:13-48:29
98                <action android:name="androidx.profileinstaller.action.SAVE_PROFILE" />
98-->[androidx.profileinstaller:profileinstaller:1.3.0] AndroidManifest.xml:47:17-88
98-->[androidx.profileinstaller:profileinstaller:1.3.0] AndroidManifest.xml:47:25-85
99            </intent-filter>
100            <intent-filter>
100-->[androidx.profileinstaller:profileinstaller:1.3.0] AndroidManifest.xml:49:13-51:29
101                <action android:name="androidx.profileinstaller.action.BENCHMARK_OPERATION" />
101-->[androidx.profileinstaller:profileinstaller:1.3.0] AndroidManifest.xml:50:17-95
101-->[androidx.profileinstaller:profileinstaller:1.3.0] AndroidManifest.xml:50:25-92
102            </intent-filter>
103        </receiver>
104    </application>
105
106</manifest>